<?xml version="1.0" encoding="UTF-8"?>
<!-- Generated by org.testng.reporters.JUnitReportReporter -->
<testsuite hostname="INLEN8520045389" failures="0" tests="1" name="testNGsession.session1" time="0.006" errors="0" timestamp="2022-06-29T11:23:45 IST" skipped="0">
  <testcase classname="testNGsession.session1" name="test1" time="0.006"/>
  <system-out/>
</testsuite> <!-- testNGsession.session1 -->
